camerarecorder/build/intermediates/manifest_merge_blame_file/debug/manifest-merger-blame-debug-report.txt
1<?xml version="1.0" encoding="utf-8"?>
2<manifest xmlns:android="http://schemas.android.com/apk/res/android"
3    package="com.daasuu.camerarecorder" >
4
5    <uses-sdk
6        android:minSdkVersion="24"
6-->src\main\AndroidManifest.xml
7        android:targetSdkVersion="29" />
7-->src\main\AndroidManifest.xml
8
9    <uses-permission android:name="android.permission.RECORD_AUDIO" />
9-->src\main\AndroidManifest.xml:4:5-71
9-->src\main\AndroidManifest.xml:4:22-68
10    <uses-permission android:name="android.permission.READ_EXTERNAL_STORAGE" />
10-->src\main\AndroidManifest.xml:5:5-80
10-->src\main\AndroidManifest.xml:5:22-77
11    <uses-permission android:name="android.permission.INTERNET" />
11-->src\main\AndroidManifest.xml:6:5-67
11-->src\main\AndroidManifest.xml:6:22-64
12    <uses-permission android:name="android.permission.ACCESS_NETWORK_STATE" />
12-->src\main\AndroidManifest.xml:7:5-79
12-->src\main\AndroidManifest.xml:7:22-76
13
14    <uses-feature android:name="android.hardware.camera" />
14-->src\main\AndroidManifest.xml:8:5-60
14-->src\main\AndroidManifest.xml:8:19-57
15    <uses-feature android:name="android.hardware.camera.autofocus" />
15-->src\main\AndroidManifest.xml:9:5-70
15-->src\main\AndroidManifest.xml:9:19-67
16
17    <uses-permission android:name="android.permission.CAMERA" />
17-->src\main\AndroidManifest.xml:10:5-65
17-->src\main\AndroidManifest.xml:10:22-62
18    <uses-permission android:name="android.permission.WRITE_EXTERNAL_STORAGE" />
18-->src\main\AndroidManifest.xml:11:5-80
18-->src\main\AndroidManifest.xml:11:22-78
19    <uses-permission android:name="android.permission.RECORD_AUDIO" />
19-->src\main\AndroidManifest.xml:4:5-71
19-->src\main\AndroidManifest.xml:4:22-68
20
21    <application
21-->src\main\AndroidManifest.xml:13:5-97:19
22        android:allowBackup="true"
22-->src\main\AndroidManifest.xml:14:9-35
23        android:label="@string/app_name"
23-->src\main\AndroidManifest.xml:15:9-41
24        android:supportsRtl="true"
24-->src\main\AndroidManifest.xml:16:9-35
25        android:theme="@style/AppTheme" >
25-->src\main\AndroidManifest.xml:17:9-40
26        <activity
26-->src\main\AndroidManifest.xml:18:9-21:20
27            android:name="com.daasuu.camerarecorder.VideoProcessActivity"
27-->src\main\AndroidManifest.xml:19:13-74
28            android:screenOrientation="portrait" >
28-->src\main\AndroidManifest.xml:20:13-49
29        </activity>
30        <activity
30-->src\main\AndroidManifest.xml:22:9-24:51
31            android:name="com.daasuu.camerarecorder.PortrateActivity"
31-->src\main\AndroidManifest.xml:23:13-70
32            android:screenOrientation="portrait" />
32-->src\main\AndroidManifest.xml:24:13-49
33        <activity
33-->src\main\AndroidManifest.xml:25:9-27:51
34            android:name="com.daasuu.camerarecorder.BaseCameraActivity"
34-->src\main\AndroidManifest.xml:26:13-72
35            android:screenOrientation="portrait" />
35-->src\main\AndroidManifest.xml:27:13-49
36        <activity android:name="com.daasuu.camerarecorder.SquareActivity" />
36-->src\main\AndroidManifest.xml:28:9-77
36-->src\main\AndroidManifest.xml:28:19-74
37        <activity
37-->src\main\AndroidManifest.xml:29:9-31:52
38            android:name="com.daasuu.camerarecorder.LandscapeActivity"
38-->src\main\AndroidManifest.xml:30:13-71
39            android:screenOrientation="portrait" />
39-->src\main\AndroidManifest.xml:31:13-49
40        <activity
40-->src\main\AndroidManifest.xml:32:9-34:52
41            android:name="com.daasuu.camerarecorder.CameraMainActivity"
41-->src\main\AndroidManifest.xml:33:13-72
42            android:screenOrientation="portrait" />
42-->src\main\AndroidManifest.xml:34:13-49
43        <activity
43-->src\main\AndroidManifest.xml:35:9-37:52
44            android:name="com.daasuu.camerarecorder.FastAndSlowVideoMotionActivity"
44-->src\main\AndroidManifest.xml:36:13-84
45            android:screenOrientation="portrait" />
45-->src\main\AndroidManifest.xml:37:13-49
46        <activity
46-->src\main\AndroidManifest.xml:38:9-40:52
47            android:name="com.daasuu.camerarecorder.CombineImagesActivity"
47-->src\main\AndroidManifest.xml:39:13-75
48            android:screenOrientation="portrait" />
48-->src\main\AndroidManifest.xml:40:13-49
49        <activity
49-->src\main\AndroidManifest.xml:41:9-43:52
50            android:name="com.daasuu.camerarecorder.ExtractAudioActivity"
50-->src\main\AndroidManifest.xml:42:13-74
51            android:screenOrientation="portrait" />
51-->src\main\AndroidManifest.xml:43:13-49
52        <activity
52-->src\main\AndroidManifest.xml:44:9-47:52
53            android:name="com.daasuu.camerarecorder.AddTextOnVideoActivity"
53-->src\main\AndroidManifest.xml:45:13-76
54            android:screenOrientation="portrait"
54-->src\main\AndroidManifest.xml:47:13-49
55            android:theme="@style/Theme.AppCompat.Translucent" />
55-->src\main\AndroidManifest.xml:46:13-63
56        <activity
56-->src\main\AndroidManifest.xml:48:9-50:52
57            android:name="com.daasuu.camerarecorder.ReverseVideoActivity"
57-->src\main\AndroidManifest.xml:49:13-74
58            android:screenOrientation="portrait" />
58-->src\main\AndroidManifest.xml:50:13-49
59        <activity
59-->src\main\AndroidManifest.xml:51:9-53:52
60            android:name="com.daasuu.camerarecorder.MergeImageAndMP3Activity"
60-->src\main\AndroidManifest.xml:52:13-78
61            android:screenOrientation="portrait" />
61-->src\main\AndroidManifest.xml:53:13-49
62        <activity
62-->src\main\AndroidManifest.xml:54:9-57:52
63            android:name="com.daasuu.camerarecorder.AddWaterMarkOnVideoActivity"
63-->src\main\AndroidManifest.xml:55:13-81
64            android:screenOrientation="portrait"
64-->src\main\AndroidManifest.xml:57:13-49
65            android:theme="@style/Theme.AppCompat.Translucent" />
65-->src\main\AndroidManifest.xml:56:13-63
66        <activity
66-->src\main\AndroidManifest.xml:58:9-60:52
67            android:name="com.daasuu.camerarecorder.CombineVideosActivity"
67-->src\main\AndroidManifest.xml:59:13-75
68            android:screenOrientation="portrait" />
68-->src\main\AndroidManifest.xml:60:13-49
69        <activity
69-->src\main\AndroidManifest.xml:61:9-63:52
70            android:name="com.daasuu.camerarecorder.CombineImageAndVideoActivity"
70-->src\main\AndroidManifest.xml:62:13-82
71            android:screenOrientation="portrait" />
71-->src\main\AndroidManifest.xml:63:13-49
72        <activity
72-->src\main\AndroidManifest.xml:64:9-66:52
73            android:name="com.daasuu.camerarecorder.MergeAudioVideoActivity"
73-->src\main\AndroidManifest.xml:65:13-77
74            android:screenOrientation="portrait" />
74-->src\main\AndroidManifest.xml:66:13-49
75        <activity
75-->src\main\AndroidManifest.xml:67:9-69:52
76            android:name="com.daasuu.camerarecorder.RemoveAudioFromVideoActivity"
76-->src\main\AndroidManifest.xml:68:13-82
77            android:screenOrientation="portrait" />
77-->src\main\AndroidManifest.xml:69:13-49
78        <activity
78-->src\main\AndroidManifest.xml:70:9-72:52
79            android:name="com.daasuu.camerarecorder.ImageToVideoConvertActivity"
79-->src\main\AndroidManifest.xml:71:13-81
80            android:screenOrientation="portrait" />
80-->src\main\AndroidManifest.xml:72:13-49
81        <activity
81-->src\main\AndroidManifest.xml:73:9-75:52
82            android:name="com.daasuu.camerarecorder.VideoRotateFlipActivity"
82-->src\main\AndroidManifest.xml:74:13-77
83            android:screenOrientation="portrait" />
83-->src\main\AndroidManifest.xml:75:13-49
84        <activity
84-->src\main\AndroidManifest.xml:76:9-78:52
85            android:name="com.daasuu.camerarecorder.CutVideoUsingTimeActivity"
85-->src\main\AndroidManifest.xml:77:13-79
86            android:screenOrientation="portrait" />
86-->src\main\AndroidManifest.xml:78:13-49
87        <activity
87-->src\main\AndroidManifest.xml:79:9-81:52
88            android:name="com.daasuu.camerarecorder.VideoToGifActivity"
88-->src\main\AndroidManifest.xml:80:13-72
89            android:screenOrientation="portrait" />
89-->src\main\AndroidManifest.xml:81:13-49
90        <activity
90-->src\main\AndroidManifest.xml:82:9-84:52
91            android:name="com.daasuu.camerarecorder.OptionsList"
91-->src\main\AndroidManifest.xml:83:13-65
92            android:screenOrientation="portrait" />
92-->src\main\AndroidManifest.xml:84:13-49
93        <activity
93-->src\main\AndroidManifest.xml:85:9-87:52
94            android:name="com.daasuu.camerarecorder.TrimMainActivity"
94-->src\main\AndroidManifest.xml:86:13-70
95            android:screenOrientation="portrait" />
95-->src\main\AndroidManifest.xml:87:13-49
96        <activity
96-->src\main\AndroidManifest.xml:88:9-90:52
97            android:name="com.daasuu.camerarecorder.TrimmerActivity"
97-->src\main\AndroidManifest.xml:89:13-69
98            android:screenOrientation="portrait" />
98-->src\main\AndroidManifest.xml:90:13-49
99        <activity
99-->src\main\AndroidManifest.xml:91:9-93:52
100            android:name="com.daasuu.camerarecorder.VoiceRecorderActivity"
100-->src\main\AndroidManifest.xml:92:13-75
101            android:screenOrientation="portrait" />
101-->src\main\AndroidManifest.xml:93:13-49
102
103        <meta-data
103-->src\main\AndroidManifest.xml:94:9-96:57
104            android:name="preloaded_fonts"
104-->src\main\AndroidManifest.xml:95:13-43
105            android:resource="@array/preloaded_fonts" />
105-->src\main\AndroidManifest.xml:96:13-54
106    </application>
107
108</manifest>